2025-06-29 00:45:14,908 - ffmpeg_worker - INFO - Worker initialized: ffmpeg_worker_43652
2025-06-29 00:45:14,908 - ffmpeg_worker - INFO - Starting ffmpeg_worker...
2025-06-29 00:45:15,072 - ffmpeg_worker - INFO - Processing message 1751133533128-0
2025-06-29 00:45:15,072 - ffmpeg_worker - ERROR - Failed to process message 1751133533128-0
2025-06-29 00:45:15,072 - ffmpeg_worker - INFO - Processing message 1751133533203-0
2025-06-29 00:45:15,072 - ffmpeg_worker - ERROR - Failed to process message 1751133533203-0
2025-06-29 00:45:15,073 - ffmpeg_worker - INFO - Processing message 1751136939072-0
2025-06-29 00:45:15,076 - ffmpeg_worker - ERROR - Failed to process message 1751136939072-0
2025-06-29 00:45:26,034 - ffmpeg_worker - INFO - Processing message 1751138126033-0
2025-06-29 00:45:26,237 - ffmpeg_worker - INFO - Message 1751138126033-0 processed and acknowledged
2025-06-29 00:47:42,749 - ffmpeg_worker - INFO - Received signal 2, shutting down gracefully...
2025-06-29 00:47:42,930 - ffmpeg_worker - INFO - ffmpeg_worker stopped
2025-06-28 19:18:54,360 - ffmpeg_worker - INFO - Worker initialized: ffmpeg_worker_1
2025-06-28 19:18:54,361 - ffmpeg_worker - INFO - Starting ffmpeg_worker...
2025-06-28 19:19:20,251 - ffmpeg_worker - INFO - Processing message 1751138360250-0
2025-06-28 19:19:20,397 - ffmpeg_worker - INFO - Message 1751138360250-0 processed and acknowledged
2025-06-28 19:19:50,422 - ffmpeg_worker - INFO - Received signal 15, shutting down gracefully...
2025-06-28 19:19:50,839 - ffmpeg_worker - INFO - ffmpeg_worker stopped
2025-06-29 11:47:19,860 - ffmpeg_worker - INFO - Worker initialized: ffmpeg_worker_1
2025-06-29 11:47:19,860 - ffmpeg_worker - INFO - Starting ffmpeg_worker...
2025-06-29 11:47:32,073 - ffmpeg_worker - INFO - Received signal 15, shutting down gracefully...
2025-06-29 11:47:32,150 - ffmpeg_worker - ERROR - Error in worker loop: Connection closed by server.
2025-06-29 11:47:37,156 - ffmpeg_worker - INFO - ffmpeg_worker stopped
2025-07-01 13:44:32,061 - ffmpeg_worker - INFO - Worker initialized: ffmpeg_worker_1
2025-07-01 13:44:32,062 - ffmpeg_worker - INFO - Starting ffmpeg_worker...
2025-07-01 13:47:14,497 - ffmpeg_worker - INFO - Received signal 15, shutting down gracefully...
2025-07-01 13:47:14,711 - ffmpeg_worker - INFO - ffmpeg_worker stopped
2025-07-01 16:59:19,562 - ffmpeg_worker - INFO - Worker initialized: ffmpeg_worker_1
2025-07-01 16:59:19,562 - ffmpeg_worker - INFO - Starting ffmpeg_worker...
2025-07-01 17:05:46,455 - ffmpeg_worker - INFO - Received signal 15, shutting down gracefully...
2025-07-01 17:05:47,005 - ffmpeg_worker - INFO - ffmpeg_worker stopped
2025-07-01 17:34:01,772 - ffmpeg_worker - INFO - Worker initialized: ffmpeg_worker_1
2025-07-01 17:34:01,773 - ffmpeg_worker - INFO - Starting ffmpeg_worker...
2025-07-01 17:54:45,307 - ffmpeg_worker - INFO - Received signal 15, shutting down gracefully...
2025-07-01 17:54:45,881 - ffmpeg_worker - INFO - ffmpeg_worker stopped
2025-07-01 17:54:53,909 - ffmpeg_worker - INFO - Worker initialized: ffmpeg_worker_1
2025-07-01 17:54:53,910 - ffmpeg_worker - INFO - Starting ffmpeg_worker...
2025-07-01 17:55:06,995 - ffmpeg_worker - INFO - Received signal 15, shutting down gracefully...
2025-07-01 17:55:07,660 - ffmpeg_worker - INFO - ffmpeg_worker stopped
2025-07-01 17:56:37,290 - ffmpeg_worker - INFO - Worker initialized: ffmpeg_worker_1
2025-07-01 17:56:37,293 - ffmpeg_worker - INFO - Starting ffmpeg_worker...
2025-07-01 17:59:48,122 - ffmpeg_worker - INFO - Received signal 15, shutting down gracefully...
2025-07-01 17:59:48,637 - ffmpeg_worker - INFO - ffmpeg_worker stopped
2025-07-01 18:00:40,029 - ffmpeg_worker - INFO - Worker initialized: ffmpeg_worker_1
2025-07-01 18:00:40,029 - ffmpeg_worker - INFO - Starting ffmpeg_worker...
2025-07-01 18:00:54,573 - ffmpeg_worker - INFO - Received signal 15, shutting down gracefully...
2025-07-01 18:00:54,777 - ffmpeg_worker - INFO - ffmpeg_worker stopped
2025-07-01 18:01:34,203 - ffmpeg_worker - INFO - Worker initialized: ffmpeg_worker_1
2025-07-01 18:01:34,204 - ffmpeg_worker - INFO - Starting ffmpeg_worker...
2025-07-01 18:02:04,893 - ffmpeg_worker - INFO - Received signal 15, shutting down gracefully...
2025-07-01 18:02:05,757 - ffmpeg_worker - INFO - ffmpeg_worker stopped
2025-07-01 18:02:50,950 - ffmpeg_worker - INFO - Worker initialized: ffmpeg_worker_1
2025-07-01 18:02:50,951 - ffmpeg_worker - INFO - Starting ffmpeg_worker...
2025-07-01 18:03:49,762 - ffmpeg_worker - INFO - Received signal 15, shutting down gracefully...
2025-07-01 18:03:49,965 - ffmpeg_worker - INFO - ffmpeg_worker stopped
2025-07-01 23:34:37,763 - ffmpeg_worker - INFO - Worker initialized: ffmpeg_worker_81825
2025-07-01 23:34:37,764 - ffmpeg_worker - INFO - Starting ffmpeg_worker...
2025-07-01 23:34:51,196 - ffmpeg_worker - INFO - Processing message 1751393091196-0
2025-07-01 23:34:51,407 - ffmpeg_worker - INFO - Message 1751393091196-0 processed and acknowledged
2025-07-01 23:35:15,001 - ffmpeg_worker - INFO - Received signal 2, shutting down gracefully...
2025-07-01 23:35:15,750 - ffmpeg_worker - INFO - ffmpeg_worker stopped
2025-07-01 18:05:29,941 - ffmpeg_worker - INFO - Worker initialized: ffmpeg_worker_1
2025-07-01 18:05:29,941 - ffmpeg_worker - INFO - Starting ffmpeg_worker...
2025-07-01 18:05:46,158 - ffmpeg_worker - INFO - Received signal 15, shutting down gracefully...
2025-07-01 18:05:46,831 - ffmpeg_worker - INFO - ffmpeg_worker stopped
2025-07-01 18:06:17,543 - ffmpeg_worker - INFO - Worker initialized: ffmpeg_worker_1
2025-07-01 18:06:17,543 - ffmpeg_worker - INFO - Starting ffmpeg_worker...
2025-07-01 18:06:29,533 - ffmpeg_worker - INFO - Received signal 15, shutting down gracefully...
2025-07-01 18:06:30,242 - ffmpeg_worker - INFO - ffmpeg_worker stopped
2025-07-01 18:07:32,870 - ffmpeg_worker - INFO - Worker initialized: ffmpeg_worker_1
2025-07-01 18:07:32,870 - ffmpeg_worker - INFO - Starting ffmpeg_worker...
2025-07-01 18:08:14,262 - ffmpeg_worker - INFO - Received signal 15, shutting down gracefully...
2025-07-01 18:08:14,901 - ffmpeg_worker - INFO - ffmpeg_worker stopped
2025-07-01 18:08:58,857 - ffmpeg_worker - INFO - Worker initialized: ffmpeg_worker_1
2025-07-01 18:08:58,857 - ffmpeg_worker - INFO - Starting ffmpeg_worker...
2025-07-01 18:09:26,589 - ffmpeg_worker - INFO - Received signal 15, shutting down gracefully...
2025-07-01 18:09:27,250 - ffmpeg_worker - INFO - ffmpeg_worker stopped
2025-07-01 18:54:03,504 - ffmpeg_worker - INFO - Worker initialized: ffmpeg_worker_1
2025-07-01 18:54:03,505 - ffmpeg_worker - INFO - Starting ffmpeg_worker...
2025-07-01 18:54:49,236 - ffmpeg_worker - INFO - Received signal 15, shutting down gracefully...
2025-07-01 18:54:49,784 - ffmpeg_worker - INFO - ffmpeg_worker stopped
2025-07-01 18:58:19,814 - ffmpeg_worker - INFO - Worker initialized: ffmpeg_worker_1
2025-07-01 18:58:19,814 - ffmpeg_worker - INFO - Starting ffmpeg_worker...
2025-07-01 18:59:05,474 - ffmpeg_worker - INFO - Processing message 1751396345472-0
2025-07-01 18:59:05,615 - ffmpeg_worker - INFO - Message 1751396345472-0 processed and acknowledged
2025-07-01 18:59:33,100 - ffmpeg_worker - INFO - Received signal 15, shutting down gracefully...
2025-07-01 18:59:33,976 - ffmpeg_worker - INFO - ffmpeg_worker stopped
2025-07-05 09:36:39,194 - ffmpeg_worker - INFO - Worker initialized: ffmpeg_worker_1
2025-07-05 09:36:39,665 - ffmpeg_worker - INFO - Worker initialized: ffmpeg_worker_1
2025-07-05 09:36:40,306 - ffmpeg_worker - INFO - Worker initialized: ffmpeg_worker_1
2025-07-05 09:36:41,170 - ffmpeg_worker - INFO - Worker initialized: ffmpeg_worker_1
2025-07-05 09:36:42,652 - ffmpeg_worker - INFO - Worker initialized: ffmpeg_worker_1
2025-07-05 09:36:44,744 - ffmpeg_worker - INFO - Worker initialized: ffmpeg_worker_1
2025-07-05 09:36:48,487 - ffmpeg_worker - INFO - Worker initialized: ffmpeg_worker_1
2025-07-05 09:36:55,646 - ffmpeg_worker - INFO - Worker initialized: ffmpeg_worker_1
2025-07-05 09:41:10,027 - ffmpeg_worker - INFO - Worker initialized: ffmpeg_worker_1
2025-07-05 09:41:10,531 - ffmpeg_worker - INFO - Worker initialized: ffmpeg_worker_1
2025-07-05 09:41:11,099 - ffmpeg_worker - INFO - Worker initialized: ffmpeg_worker_1
2025-07-05 09:41:12,352 - ffmpeg_worker - INFO - Worker initialized: ffmpeg_worker_1
2025-07-05 09:41:13,683 - ffmpeg_worker - INFO - Worker initialized: ffmpeg_worker_1
2025-07-05 09:41:15,718 - ffmpeg_worker - INFO - Worker initialized: ffmpeg_worker_1
2025-07-05 09:41:19,321 - ffmpeg_worker - INFO - Worker initialized: ffmpeg_worker_1
2025-07-05 09:41:26,276 - ffmpeg_worker - INFO - Worker initialized: ffmpeg_worker_1
2025-07-05 09:41:39,674 - ffmpeg_worker - INFO - Worker initialized: ffmpeg_worker_1
2025-07-05 09:42:05,744 - ffmpeg_worker - INFO - Worker initialized: ffmpeg_worker_1
2025-07-05 09:42:57,431 - ffmpeg_worker - INFO - Worker initialized: ffmpeg_worker_1
2025-07-05 09:44:00,904 - ffmpeg_worker - INFO - Worker initialized: ffmpeg_worker_1
2025-07-05 09:44:01,371 - ffmpeg_worker - INFO - Worker initialized: ffmpeg_worker_1
2025-07-05 09:44:01,958 - ffmpeg_worker - INFO - Worker initialized: ffmpeg_worker_1
2025-07-05 09:44:02,821 - ffmpeg_worker - INFO - Worker initialized: ffmpeg_worker_1
2025-07-05 09:44:04,019 - ffmpeg_worker - INFO - Worker initialized: ffmpeg_worker_1
2025-07-05 09:44:06,026 - ffmpeg_worker - INFO - Worker initialized: ffmpeg_worker_1
2025-07-05 09:44:09,686 - ffmpeg_worker - INFO - Worker initialized: ffmpeg_worker_1
2025-07-05 09:44:16,600 - ffmpeg_worker - INFO - Worker initialized: ffmpeg_worker_1
2025-07-05 09:44:29,822 - ffmpeg_worker - INFO - Worker initialized: ffmpeg_worker_1
2025-07-05 09:44:56,126 - ffmpeg_worker - INFO - Worker initialized: ffmpeg_worker_1
2025-07-05 09:47:34,566 - ffmpeg_worker - INFO - Worker initialized: ffmpeg_worker_1
2025-07-05 09:47:35,037 - ffmpeg_worker - INFO - Worker initialized: ffmpeg_worker_1
2025-07-05 09:47:36,639 - ffmpeg_worker - INFO - Worker initialized: ffmpeg_worker_1
2025-07-05 09:47:38,684 - ffmpeg_worker - INFO - Worker initialized: ffmpeg_worker_1
2025-07-05 09:47:39,879 - ffmpeg_worker - INFO - Worker initialized: ffmpeg_worker_1
2025-07-05 09:47:41,898 - ffmpeg_worker - INFO - Worker initialized: ffmpeg_worker_1
2025-07-05 09:47:45,501 - ffmpeg_worker - INFO - Worker initialized: ffmpeg_worker_1
2025-07-05 09:47:52,814 - ffmpeg_worker - INFO - Worker initialized: ffmpeg_worker_1
2025-07-05 09:48:06,330 - ffmpeg_worker - INFO - Worker initialized: ffmpeg_worker_1
2025-07-05 09:48:32,775 - ffmpeg_worker - INFO - Worker initialized: ffmpeg_worker_1
2025-07-05 09:49:27,871 - ffmpeg_worker - INFO - Worker initialized: ffmpeg_worker_1
2025-07-05 09:50:28,672 - ffmpeg_worker - INFO - Worker initialized: ffmpeg_worker_1
2025-07-05 09:51:32,182 - ffmpeg_worker - INFO - Worker initialized: ffmpeg_worker_1
2025-07-05 09:53:07,505 - ffmpeg_worker - INFO - Worker initialized: ffmpeg_worker_1
2025-07-05 09:53:08,840 - ffmpeg_worker - INFO - Worker initialized: ffmpeg_worker_1
2025-07-05 09:53:09,491 - ffmpeg_worker - INFO - Worker initialized: ffmpeg_worker_1
2025-07-05 09:53:10,283 - ffmpeg_worker - INFO - Worker initialized: ffmpeg_worker_1
2025-07-05 09:53:11,464 - ffmpeg_worker - INFO - Worker initialized: ffmpeg_worker_1
